INFO:     Will watch for changes in these directories: ['/Users/mehulghloth/DSEDBD/Academic-Course-Planner/Gateway']
INFO:     Uvicorn running on http://127.0.0.1:8000 (Press CTRL+C to quit)
INFO:     Started reloader process [2585] using StatReload
INFO:     Started server process [2660]
INFO:     Waiting for application startup.
INFO:     Application startup complete.
INFO:     127.0.0.1:49604 - "OPTIONS /api/auth/login HTTP/1.1" 200 OK
INFO:     127.0.0.1:49604 - "POST /api/auth/login HTTP/1.1" 404 Not Found
INFO:     127.0.0.1:49609 - "POST /api/auth/login HTTP/1.1" 404 Not Found
INFO:     127.0.0.1:49612 - "POST /api/auth/login HTTP/1.1" 404 Not Found
INFO:     127.0.0.1:49615 - "POST /api/auth/login HTTP/1.1" 404 Not Found
INFO:     127.0.0.1:49620 - "OPTIONS /api/auth/register HTTP/1.1" 200 OK
INFO:     127.0.0.1:49620 - "POST /api/auth/register HTTP/1.1" 201 Created
INFO:     127.0.0.1:49625 - "POST /api/auth/login HTTP/1.1" 200 OK
INFO:     127.0.0.1:49625 - "OPTIONS /api/courses HTTP/1.1" 200 OK
INFO:     127.0.0.1:49629 - "OPTIONS /api/plans/user/1 HTTP/1.1" 200 OK
INFO:     127.0.0.1:49630 - "OPTIONS /api/plans/user/1 HTTP/1.1" 200 OK
INFO:     127.0.0.1:49625 - "GET /api/courses HTTP/1.1" 200 OK
INFO:     127.0.0.1:49629 - "GET /api/plans/user/1 HTTP/1.1" 200 OK
INFO:     127.0.0.1:49630 - "GET /api/plans/user/1 HTTP/1.1" 200 OK
INFO:     127.0.0.1:50126 - "POST /api/auth/login HTTP/1.1" 500 Internal Server Error
ERROR:    Exception in ASGI application
Traceback (most recent call last):
  File "/Users/mehulghloth/DSEDBD/Academic-Course-Planner/Gateway/venv/lib/python3.14/site-packages/httpx/_transports/default.py", line 101, in map_httpcore_exceptions
    yield
  File "/Users/mehulghloth/DSEDBD/Academic-Course-Planner/Gateway/venv/lib/python3.14/site-packages/httpx/_transports/default.py", line 394, in handle_async_request
    resp = await self._pool.handle_async_request(req)
           ^^^^^^^^^^^^^^^^^^^^^^^^^^^^^^^^^^^^^^^^^^
  File "/Users/mehulghloth/DSEDBD/Academic-Course-Planner/Gateway/venv/lib/python3.14/site-packages/httpcore/_async/connection_pool.py", line 256, in handle_async_request
    raise exc from None
  File "/Users/mehulghloth/DSEDBD/Academic-Course-Planner/Gateway/venv/lib/python3.14/site-packages/httpcore/_async/connection_pool.py", line 236, in handle_async_request
    response = await connection.handle_async_request(
               ^^^^^^^^^^^^^^^^^^^^^^^^^^^^^^^^^^^^^^
        pool_request.request
        ^^^^^^^^^^^^^^^^^^^^
    )
    ^
  File "/Users/mehulghloth/DSEDBD/Academic-Course-Planner/Gateway/venv/lib/python3.14/site-packages/httpcore/_async/connection.py", line 101, in handle_async_request
    raise exc
  File "/Users/mehulghloth/DSEDBD/Academic-Course-Planner/Gateway/venv/lib/python3.14/site-packages/httpcore/_async/connection.py", line 78, in handle_async_request
    stream = await self._connect(request)
             ^^^^^^^^^^^^^^^^^^^^^^^^^^^^
  File "/Users/mehulghloth/DSEDBD/Academic-Course-Planner/Gateway/venv/lib/python3.14/site-packages/httpcore/_async/connection.py", line 124, in _connect
    stream = await self._network_backend.connect_tcp(**kwargs)
             ^^^^^^^^^^^^^^^^^^^^^^^^^^^^^^^^^^^^^^^^^^^^^^^^^
  File "/Users/mehulghloth/DSEDBD/Academic-Course-Planner/Gateway/venv/lib/python3.14/site-packages/httpcore/_backends/auto.py", line 31, in connect_tcp
    return await self._backend.connect_tcp(
           ^^^^^^^^^^^^^^^^^^^^^^^^^^^^^^^^
    ...<5 lines>...
    )
    ^
  File "/Users/mehulghloth/DSEDBD/Academic-Course-Planner/Gateway/venv/lib/python3.14/site-packages/httpcore/_backends/anyio.py", line 113, in connect_tcp
    with map_exceptions(exc_map):
         ~~~~~~~~~~~~~~^^^^^^^^^
  File "/Library/Frameworks/Python.framework/Versions/3.14/lib/python3.14/contextlib.py", line 162, in __exit__
    self.gen.throw(value)
    ~~~~~~~~~~~~~~^^^^^^^
  File "/Users/mehulghloth/DSEDBD/Academic-Course-Planner/Gateway/venv/lib/python3.14/site-packages/httpcore/_exceptions.py", line 14, in map_exceptions
    raise to_exc(exc) from exc
httpcore.ConnectError: All connection attempts failed

The above exception was the direct cause of the following exception:

Traceback (most recent call last):
  File "/Users/mehulghloth/DSEDBD/Academic-Course-Planner/Gateway/venv/lib/python3.14/site-packages/uvicorn/protocols/http/h11_impl.py", line 415, in run_asgi
    result = await app(  # type: ignore[func-returns-value]
             ^^^^^^^^^^^^^^^^^^^^^^^^^^^^^^^^^^^^^^^^^^^^^^
        self.scope, self.receive, self.send
        ^^^^^^^^^^^^^^^^^^^^^^^^^^^^^^^^^^^
    )
    ^
  File "/Users/mehulghloth/DSEDBD/Academic-Course-Planner/Gateway/venv/lib/python3.14/site-packages/uvicorn/middleware/proxy_headers.py", line 63, in __call__
    return await self.app(scope, receive, send)
           ^^^^^^^^^^^^^^^^^^^^^^^^^^^^^^^^^^^^
  File "/Users/mehulghloth/DSEDBD/Academic-Course-Planner/Gateway/venv/lib/python3.14/site-packages/fastapi/applications.py", line 1159, in __call__
    await super().__call__(scope, receive, send)
  File "/Users/mehulghloth/DSEDBD/Academic-Course-Planner/Gateway/venv/lib/python3.14/site-packages/starlette/applications.py", line 90, in __call__
    await self.middleware_stack(scope, receive, send)
  File "/Users/mehulghloth/DSEDBD/Academic-Course-Planner/Gateway/venv/lib/python3.14/site-packages/starlette/middleware/errors.py", line 186, in __call__
    raise exc
  File "/Users/mehulghloth/DSEDBD/Academic-Course-Planner/Gateway/venv/lib/python3.14/site-packages/starlette/middleware/errors.py", line 164, in __call__
    await self.app(scope, receive, _send)
  File "/Users/mehulghloth/DSEDBD/Academic-Course-Planner/Gateway/venv/lib/python3.14/site-packages/starlette/middleware/cors.py", line 96, in __call__
    await self.simple_response(scope, receive, send, request_headers=headers)
  File "/Users/mehulghloth/DSEDBD/Academic-Course-Planner/Gateway/venv/lib/python3.14/site-packages/starlette/middleware/cors.py", line 154, in simple_response
    await self.app(scope, receive, send)
  File "/Users/mehulghloth/DSEDBD/Academic-Course-Planner/Gateway/venv/lib/python3.14/site-packages/starlette/middleware/exceptions.py", line 63, in __call__
    await wrap_app_handling_exceptions(self.app, conn)(scope, receive, send)
  File "/Users/mehulghloth/DSEDBD/Academic-Course-Planner/Gateway/venv/lib/python3.14/site-packages/starlette/_exception_handler.py", line 53, in wrapped_app
    raise exc
  File "/Users/mehulghloth/DSEDBD/Academic-Course-Planner/Gateway/venv/lib/python3.14/site-packages/starlette/_exception_handler.py", line 42, in wrapped_app
    await app(scope, receive, sender)
  File "/Users/mehulghloth/DSEDBD/Academic-Course-Planner/Gateway/venv/lib/python3.14/site-packages/fastapi/middleware/asyncexitstack.py", line 18, in __call__
    await self.app(scope, receive, send)
  File "/Users/mehulghloth/DSEDBD/Academic-Course-Planner/Gateway/venv/lib/python3.14/site-packages/starlette/routing.py", line 660, in __call__
    await self.middleware_stack(scope, receive, send)
  File "/Users/mehulghloth/DSEDBD/Academic-Course-Planner/Gateway/venv/lib/python3.14/site-packages/starlette/routing.py", line 680, in app
    await route.handle(scope, receive, send)
  File "/Users/mehulghloth/DSEDBD/Academic-Course-Planner/Gateway/venv/lib/python3.14/site-packages/starlette/routing.py", line 276, in handle
    await self.app(scope, receive, send)
  File "/Users/mehulghloth/DSEDBD/Academic-Course-Planner/Gateway/venv/lib/python3.14/site-packages/fastapi/routing.py", line 134, in app
    await wrap_app_handling_exceptions(app, request)(scope, receive, send)
  File "/Users/mehulghloth/DSEDBD/Academic-Course-Planner/Gateway/venv/lib/python3.14/site-packages/starlette/_exception_handler.py", line 53, in wrapped_app
    raise exc
  File "/Users/mehulghloth/DSEDBD/Academic-Course-Planner/Gateway/venv/lib/python3.14/site-packages/starlette/_exception_handler.py", line 42, in wrapped_app
    await app(scope, receive, sender)
  File "/Users/mehulghloth/DSEDBD/Academic-Course-Planner/Gateway/venv/lib/python3.14/site-packages/fastapi/routing.py", line 120, in app
    response = await f(request)
               ^^^^^^^^^^^^^^^^
  File "/Users/mehulghloth/DSEDBD/Academic-Course-Planner/Gateway/venv/lib/python3.14/site-packages/fastapi/routing.py", line 674, in app
    raw_response = await run_endpoint_function(
                   ^^^^^^^^^^^^^^^^^^^^^^^^^^^^
    ...<3 lines>...
    )
    ^
  File "/Users/mehulghloth/DSEDBD/Academic-Course-Planner/Gateway/venv/lib/python3.14/site-packages/fastapi/routing.py", line 328, in run_endpoint_function
    return await dependant.call(**values)
           ^^^^^^^^^^^^^^^^^^^^^^^^^^^^^^
  File "/Users/mehulghloth/DSEDBD/Academic-Course-Planner/Gateway/main.py", line 74, in login
    return await proxy_request("POST", "/api/auth/login", request=request, data=data)
           ^^^^^^^^^^^^^^^^^^^^^^^^^^^^^^^^^^^^^^^^^^^^^^^^^^^^^^^^^^^^^^^^^^^^^^^^^^
  File "/Users/mehulghloth/DSEDBD/Academic-Course-Planner/Gateway/main.py", line 44, in proxy_request
    backend_response = await client.request(
                       ^^^^^^^^^^^^^^^^^^^^^
    ...<5 lines>...
    )
    ^
  File "/Users/mehulghloth/DSEDBD/Academic-Course-Planner/Gateway/venv/lib/python3.14/site-packages/httpx/_client.py", line 1540, in request
    return await self.send(request, auth=auth, follow_redirects=follow_redirects)
           ^^^^^^^^^^^^^^^^^^^^^^^^^^^^^^^^^^^^^^^^^^^^^^^^^^^^^^^^^^^^^^^^^^^^^^
  File "/Users/mehulghloth/DSEDBD/Academic-Course-Planner/Gateway/venv/lib/python3.14/site-packages/httpx/_client.py", line 1629, in send
    response = await self._send_handling_auth(
               ^^^^^^^^^^^^^^^^^^^^^^^^^^^^^^^
    ...<4 lines>...
    )
    ^
  File "/Users/mehulghloth/DSEDBD/Academic-Course-Planner/Gateway/venv/lib/python3.14/site-packages/httpx/_client.py", line 1657, in _send_handling_auth
    response = await self._send_handling_redirects(
               ^^^^^^^^^^^^^^^^^^^^^^^^^^^^^^^^^^^^
    ...<3 lines>...
    )
    ^
  File "/Users/mehulghloth/DSEDBD/Academic-Course-Planner/Gateway/venv/lib/python3.14/site-packages/httpx/_client.py", line 1694, in _send_handling_redirects
    response = await self._send_single_request(request)
               ^^^^^^^^^^^^^^^^^^^^^^^^^^^^^^^^^^^^^^^^
  File "/Users/mehulghloth/DSEDBD/Academic-Course-Planner/Gateway/venv/lib/python3.14/site-packages/httpx/_client.py", line 1730, in _send_single_request
    response = await transport.handle_async_request(request)
               ^^^^^^^^^^^^^^^^^^^^^^^^^^^^^^^^^^^^^^^^^^^^^
  File "/Users/mehulghloth/DSEDBD/Academic-Course-Planner/Gateway/venv/lib/python3.14/site-packages/httpx/_transports/default.py", line 393, in handle_async_request
    with map_httpcore_exceptions():
         ~~~~~~~~~~~~~~~~~~~~~~~^^
  File "/Library/Frameworks/Python.framework/Versions/3.14/lib/python3.14/contextlib.py", line 162, in __exit__
    self.gen.throw(value)
    ~~~~~~~~~~~~~~^^^^^^^
  File "/Users/mehulghloth/DSEDBD/Academic-Course-Planner/Gateway/venv/lib/python3.14/site-packages/httpx/_transports/default.py", line 118, in map_httpcore_exceptions
    raise mapped_exc(message) from exc
httpx.ConnectError: All connection attempts failed
INFO:     127.0.0.1:50160 - "POST /api/auth/login HTTP/1.1" 200 OK
